"blank"			"=========================="
"blank"			"FOF Keys"
"blank"			"=========================="
"+use"					"#Valve_Use_Items"
"chooseteam"			"#TeamSelection"
"equipmenu"				"#EquipmentSelection"
"voicecomm"				"#Voicecommands"
"voicealert"			"#Voicealerts"
"voicetaunt"			"#Voicetaunts"
"+zoom"					"#DropActiveWeapon"
"fof_mutelist"			"#FoF_MuteMenu"
"autobuy"				"#FoF_Autobuy"
"rebuy"					"#FoF_Rebuy"
"votekick"				"#FoF_Votekick_Menu"
"blank"			"=========================="
"blank"			"#Valve_Movement_Title"
"blank"			"=========================="
"+forward"				"#Valve_Move_Forward"
"+back"					"#Valve_Move_Back"
"+moveleft"				"#Valve_Move_Left"
"+moveright"			"#Valve_Move_Right"
"+walk"					"#Valve_Walk"
"+jump"					"#Valve_Jump"
"+duck"					"#Valve_Duck"
"blank"			"=========================="
"blank"			"#Valve_Combat_Title"
"blank"			"=========================="
"+attack"				"#Valve_Primary_Attack"
"+attack2"				"#Valve_Secondary_Attack"
"+alt1"					"#Switch_Revolver_Hand"
"+reload"				"#Valve_Reload_Weapon"
"+speed"				"#FoF_KickKey"
"slot1"					"#Valve_Weapon_Category_1"
"slot2"					"#Valve_Weapon_Category_2"
"slot3" 				"#Valve_Weapon_Category_3"
"slot4"					"#Valve_Weapon_Category_4"
"slot5"					"#Valve_Weapon_Category_5"
"slot6"					"#Valve_Weapon_Category_6"
"slot7"					"#Valve_Weapon_Category_7"
"slot8"					"#Valve_Weapon_Category_8"
"slot9"					"#Valve_Weapon_Category_9"
"slot10"				"#Valve_Weapon_Category_0" 
"invnext"				"#Valve_Next_Weapon"
"invprev"				"#Valve_Previous_Weapon"
"lastinv"				"#Valve_Last_Weapon_Used"
"use weapon_fists"		"Fists"
"use weapon_knife"		"Knife"
"use weapon_axe"		"Axe"
"use weapon_deringer"	"Deringer .41"
"use weapon_coltnavy"	"Colt Navy"
"use weapon_peacemaker"	"Colt Peacemaker"
"use weapon_walker"		"Colt Walker"
"use weapon_schofield"	"S&W Schofield"
"use weapon_maresleg"	"Mare's Leg"
"use weapon_carbine"	"Smith Carbine 1857"
"use weapon_bow"		"Bow"
"use weapon_coachgun"	"Coachgun"
"use weapon_shotgun"	"Winchester 1893"
"use weapon_sharps"		"Sharps Rifle 1874"
"use weapon_henry"		"Henry Rifle 1860"
"use weapon_dynamite"	"Dynamite"
"blank"			"=========================="
"blank"			"#Valve_Communication_Title"
"blank"			"=========================="
"+voicerecord"			"#Valve_Use_Voice_Communication"
"messagemode"			"#Valve_Chat_Message"
"messagemode2"			"#Valve_Team_Message"
"blank"			"=========================="
"blank"			"#Valve_Miscellaneous_Title"
"blank"			"=========================="
"toggleconsole"			"Toggle console"
"jpeg"					"#Valve_Take_Screen_Shot"
"+showscores"			"#Valve_Display_Scores"
"pause"					"#Valve_Pause_Game"
"quit"					"#Valve_Quit_Game"
"blank"			"=========================="
"blank"			"#Valve_Miscellaneous_Keyboard_Keys_Title"
"blank"			"=========================="
"+walk"             	"#Valve_Walk"
"+left"					"#Valve_Turn_Left"
"+right"				"#Valve_Turn_Right"
"+moveup"				"#Valve_Swim_Up"
"+movedown"				"#Valve_Swim_Down"
"+lookup"				"#Valve_Look_Up"
"+lookdown"				"#Valve_Look_Down"
"+strafe"				"#Valve_Strafe_Modifier"
"+klook"				"#Valve_Keyboard_Look_Modifier"
